Copyright 1986-2022 Xilinx, Inc. All Rights Reserved. Copyright 2022-2025 Advanced Micro Devices, Inc. All Rights Reserved.
------------------------------------------------------------------------------------------------------------------------------------------------------------------------------------------------------------------------------------------------------------
| Tool Version : Vivado v.2025.1 (win64) Build 6140274 Thu May 22 00:12:29 MDT 2025
| Date         : Thu Sep  4 19:26:03 2025
| Host         : LAPTOP-CEIICHQD running 64-bit major release  (build 9200)
| Command      : report_timing_summary -max_paths 10 -routable_nets -report_unconstrained -file top_name_display_timing_summary_routed.rpt -pb top_name_display_timing_summary_routed.pb -rpx top_name_display_timing_summary_routed.rpx -warn_on_violation
| Design       : top_name_display
| Device       : 7z020-clg484
| Speed File   : -2  PRODUCTION 1.12 2019-11-22
| Design State : Routed
------------------------------------------------------------------------------------------------------------------------------------------------------------------------------------------------------------------------------------------------------------

Timing Summary Report

------------------------------------------------------------------------------------------------
| Timer Settings
| --------------
------------------------------------------------------------------------------------------------

  Enable Multi Corner Analysis               :  Yes
  Enable Pessimism Removal                   :  Yes
  Pessimism Removal Resolution               :  Nearest Common Node
  Enable Input Delay Default Clock           :  No
  Enable Preset / Clear Arcs                 :  No
  Disable Flight Delays                      :  No
  Ignore I/O Paths                           :  No
  Timing Early Launch at Borrowing Latches   :  No
  Borrow Time for Max Delay Exceptions       :  Yes
  Merge Timing Exceptions                    :  Yes
  Inter-SLR Compensation                     :  Conservative

  Corner  Analyze    Analyze    
  Name    Max Paths  Min Paths  
  ------  ---------  ---------  
  Slow    Yes        Yes        
  Fast    Yes        Yes        


------------------------------------------------------------------------------------------------
| Report Methodology
| ------------------
------------------------------------------------------------------------------------------------

Rule       Severity          Description                  Violations  
---------  ----------------  ---------------------------  ----------  
TIMING-17  Critical Warning  Non-clocked sequential cell  52          

Note: This report is based on the most recent report_methodology run and may not be up-to-date. Run report_methodology on the current design for the latest report.



check_timing report

Table of Contents
-----------------
1. checking no_clock (52)
2. checking constant_clock (0)
3. checking pulse_width_clock (0)
4. checking unconstrained_internal_endpoints (52)
5. checking no_input_delay (4)
6. checking no_output_delay (20)
7. checking multiple_clock (0)
8. checking generated_clocks (0)
9. checking loops (0)
10. checking partial_input_delay (0)
11. checking partial_output_delay (0)
12. checking latch_loops (0)

1. checking no_clock (52)
-------------------------
 There are 52 register/latch pins with no clock driven by root clock pin: clk (HIGH)


2. checking constant_clock (0)
------------------------------
 There are 0 register/latch pins with constant_clock.


3. checking pulse_width_clock (0)
---------------------------------
 There are 0 register/latch pins which need pulse_width check


4. checking unconstrained_internal_endpoints (52)
-------------------------------------------------
 There are 52 pins that are not constrained for maximum delay. (HIGH)

 There are 0 pins that are not constrained for maximum delay due to constant clock.


5. checking no_input_delay (4)
------------------------------
 There are 4 input ports with no input delay specified. (HIGH)

 There are 0 input ports with no input delay but user has a false path constraint.


6. checking no_output_delay (20)
--------------------------------
 There are 20 ports with no output delay specified. (HIGH)

 There are 0 ports with no output delay but user has a false path constraint

 There are 0 ports with no output delay but with a timing clock defined on it or propagating through it


7. checking multiple_clock (0)
------------------------------
 There are 0 register/latch pins with multiple clocks.


8. checking generated_clocks (0)
--------------------------------
 There are 0 generated clocks that are not connected to a clock source.


9. checking loops (0)
---------------------
 There are 0 combinational loops in the design.


10. checking partial_input_delay (0)
------------------------------------
 There are 0 input ports with partial input delay specified.


11. checking partial_output_delay (0)
-------------------------------------
 There are 0 ports with partial output delay specified.


12. checking latch_loops (0)
----------------------------
 There are 0 combinational latch loops in the design through latch input



------------------------------------------------------------------------------------------------
| Design Timing Summary
| ---------------------
------------------------------------------------------------------------------------------------

    WNS(ns)      TNS(ns)  TNS Failing Endpoints  TNS Total Endpoints      WHS(ns)      THS(ns)  THS Failing Endpoints  THS Total Endpoints     WPWS(ns)     TPWS(ns)  TPWS Failing Endpoints  TPWS Total Endpoints  
    -------      -------  ---------------------  -------------------      -------      -------  ---------------------  -------------------     --------     --------  ----------------------  --------------------  
        inf        0.000                      0                   72          inf        0.000                      0                   72           NA           NA                      NA                    NA  


There are no user specified timing constraints.


------------------------------------------------------------------------------------------------
| Clock Summary
| -------------
------------------------------------------------------------------------------------------------


------------------------------------------------------------------------------------------------
| Intra Clock Table
| -----------------
------------------------------------------------------------------------------------------------

Clock             WNS(ns)      TNS(ns)  TNS Failing Endpoints  TNS Total Endpoints      WHS(ns)      THS(ns)  THS Failing Endpoints  THS Total Endpoints     WPWS(ns)     TPWS(ns)  TPWS Failing Endpoints  TPWS Total Endpoints  
-----             -------      -------  ---------------------  -------------------      -------      -------  ---------------------  -------------------     --------     --------  ----------------------  --------------------  


------------------------------------------------------------------------------------------------
| Inter Clock Table
| -----------------
------------------------------------------------------------------------------------------------

From Clock    To Clock          WNS(ns)      TNS(ns)  TNS Failing Endpoints  TNS Total Endpoints      WHS(ns)      THS(ns)  THS Failing Endpoints  THS Total Endpoints  
----------    --------          -------      -------  ---------------------  -------------------      -------      -------  ---------------------  -------------------  


------------------------------------------------------------------------------------------------
| Other Path Groups Table
| -----------------------
------------------------------------------------------------------------------------------------

Path Group    From Clock    To Clock          WNS(ns)      TNS(ns)  TNS Failing Endpoints  TNS Total Endpoints      WHS(ns)      THS(ns)  THS Failing Endpoints  THS Total Endpoints  
----------    ----------    --------          -------      -------  ---------------------  -------------------      -------      -------  ---------------------  -------------------  


------------------------------------------------------------------------------------------------
| User Ignored Path Table
| -----------------------
------------------------------------------------------------------------------------------------

Path Group    From Clock    To Clock    
----------    ----------    --------    


------------------------------------------------------------------------------------------------
| Unconstrained Path Table
| ------------------------
------------------------------------------------------------------------------------------------

Path Group    From Clock    To Clock    
----------    ----------    --------    
(none)                                    


------------------------------------------------------------------------------------------------
| Timing Details
| --------------
------------------------------------------------------------------------------------------------


--------------------------------------------------------------------------------------
Path Group:  (none)
From Clock:  
  To Clock:  

Max Delay            72 Endpoints
Min Delay            72 Endpoints
--------------------------------------------------------------------------------------


Max Delay Paths
--------------------------------------------------------------------------------------
Slack:                    inf
  Source:                 char_index[0]
                            (input port)
  Destination:            u_seg_scan/row_data_reg[3]/D
  Path Group:             (none)
  Path Type:              Max at Slow Process Corner
  Data Path Delay:        7.585ns  (logic 1.438ns (18.953%)  route 6.148ns (81.047%))
  Logic Levels:           4  (IBUF=1 LUT4=2 LUT6=1)

    Location             Delay type                Incr(ns)  Path(ns)    Netlist Resource(s)
  -------------------------------------------------------------------    -------------------
    AA9                                               0.000     0.000 f  char_index[0] (IN)
                         net (fo=0)                   0.000     0.000    char_index[0]
    AA9                  IBUF (Prop_ibuf_I_O)         0.940     0.940 f  char_index_IBUF[0]_inst/O
                         net (fo=1, routed)           4.331     5.271    u_seg_scan/char_index_IBUF[0]
    SLICE_X110Y25        LUT4 (Prop_lut4_I3_O)        0.126     5.397 f  u_seg_scan/row_data[15]_i_3/O
                         net (fo=15, routed)          1.257     6.654    u_seg_scan/row_data[15]_i_3_n_0
    SLICE_X112Y20        LUT6 (Prop_lut6_I4_O)        0.267     6.921 r  u_seg_scan/row_data[3]_i_2/O
                         net (fo=1, routed)           0.560     7.480    u_seg_scan/row_data[3]_i_2_n_0
    SLICE_X112Y20        LUT4 (Prop_lut4_I2_O)        0.105     7.585 r  u_seg_scan/row_data[3]_i_1/O
                         net (fo=1, routed)           0.000     7.585    u_seg_scan/p_0_in__0[3]
    SLICE_X112Y20        FDRE                                         r  u_seg_scan/row_data_reg[3]/D
  -------------------------------------------------------------------    -------------------

Slack:                    inf
  Source:                 char_index[0]
                            (input port)
  Destination:            u_seg_scan/row_data_reg[6]/D
  Path Group:             (none)
  Path Type:              Max at Slow Process Corner
  Data Path Delay:        7.466ns  (logic 1.448ns (19.388%)  route 6.019ns (80.612%))
  Logic Levels:           4  (IBUF=1 LUT4=2 LUT6=1)

    Location             Delay type                Incr(ns)  Path(ns)    Netlist Resource(s)
  -------------------------------------------------------------------    -------------------
    AA9                                               0.000     0.000 f  char_index[0] (IN)
                         net (fo=0)                   0.000     0.000    char_index[0]
    AA9                  IBUF (Prop_ibuf_I_O)         0.940     0.940 f  char_index_IBUF[0]_inst/O
                         net (fo=1, routed)           4.331     5.271    u_seg_scan/char_index_IBUF[0]
    SLICE_X110Y25        LUT4 (Prop_lut4_I3_O)        0.126     5.397 f  u_seg_scan/row_data[15]_i_3/O
                         net (fo=15, routed)          1.005     6.402    u_seg_scan/row_data[15]_i_3_n_0
    SLICE_X113Y22        LUT6 (Prop_lut6_I4_O)        0.267     6.669 r  u_seg_scan/row_data[6]_i_2/O
                         net (fo=1, routed)           0.682     7.351    u_seg_scan/row_data[6]_i_2_n_0
    SLICE_X113Y22        LUT4 (Prop_lut4_I2_O)        0.115     7.466 r  u_seg_scan/row_data[6]_i_1/O
                         net (fo=1, routed)           0.000     7.466    u_seg_scan/p_0_in__0[6]
    SLICE_X113Y22        FDRE                                         r  u_seg_scan/row_data_reg[6]/D
  -------------------------------------------------------------------    -------------------

Slack:                    inf
  Source:                 char_index[0]
                            (input port)
  Destination:            u_seg_scan/row_data_reg[9]/D
  Path Group:             (none)
  Path Type:              Max at Slow Process Corner
  Data Path Delay:        7.336ns  (logic 1.452ns (19.787%)  route 5.885ns (80.213%))
  Logic Levels:           4  (IBUF=1 LUT4=2 LUT6=1)

    Location             Delay type                Incr(ns)  Path(ns)    Netlist Resource(s)
  -------------------------------------------------------------------    -------------------
    AA9                                               0.000     0.000 r  char_index[0] (IN)
                         net (fo=0)                   0.000     0.000    char_index[0]
    AA9                  IBUF (Prop_ibuf_I_O)         0.940     0.940 r  char_index_IBUF[0]_inst/O
                         net (fo=1, routed)           4.331     5.271    u_seg_scan/char_index_IBUF[0]
    SLICE_X110Y25        LUT4 (Prop_lut4_I3_O)        0.126     5.397 r  u_seg_scan/row_data[15]_i_3/O
                         net (fo=15, routed)          1.007     6.404    u_seg_scan/row_data[15]_i_3_n_0
    SLICE_X113Y22        LUT6 (Prop_lut6_I5_O)        0.267     6.671 r  u_seg_scan/row_data[9]_i_2/O
                         net (fo=1, routed)           0.546     7.217    u_seg_scan/row_data[9]_i_2_n_0
    SLICE_X113Y22        LUT4 (Prop_lut4_I2_O)        0.119     7.336 r  u_seg_scan/row_data[9]_i_1/O
                         net (fo=1, routed)           0.000     7.336    u_seg_scan/p_0_in__0[9]
    SLICE_X113Y22        FDRE                                         r  u_seg_scan/row_data_reg[9]/D
  -------------------------------------------------------------------    -------------------

Slack:                    inf
  Source:                 char_index[0]
                            (input port)
  Destination:            u_seg_scan/row_data_reg[2]/D
  Path Group:             (none)
  Path Type:              Max at Slow Process Corner
  Data Path Delay:        7.136ns  (logic 1.438ns (20.145%)  route 5.699ns (79.855%))
  Logic Levels:           4  (IBUF=1 LUT4=2 LUT6=1)

    Location             Delay type                Incr(ns)  Path(ns)    Netlist Resource(s)
  -------------------------------------------------------------------    -------------------
    AA9                                               0.000     0.000 r  char_index[0] (IN)
                         net (fo=0)                   0.000     0.000    char_index[0]
    AA9                  IBUF (Prop_ibuf_I_O)         0.940     0.940 r  char_index_IBUF[0]_inst/O
                         net (fo=1, routed)           4.331     5.271    u_seg_scan/char_index_IBUF[0]
    SLICE_X110Y25        LUT4 (Prop_lut4_I3_O)        0.126     5.397 r  u_seg_scan/row_data[15]_i_3/O
                         net (fo=15, routed)          1.246     6.643    u_seg_scan/row_data[15]_i_3_n_0
    SLICE_X112Y20        LUT6 (Prop_lut6_I0_O)        0.267     6.910 r  u_seg_scan/row_data[2]_i_2/O
                         net (fo=1, routed)           0.121     7.031    u_seg_scan/row_data[2]_i_2_n_0
    SLICE_X112Y20        LUT4 (Prop_lut4_I2_O)        0.105     7.136 r  u_seg_scan/row_data[2]_i_1/O
                         net (fo=1, routed)           0.000     7.136    u_seg_scan/p_0_in__0[2]
    SLICE_X112Y20        FDRE                                         r  u_seg_scan/row_data_reg[2]/D
  -------------------------------------------------------------------    -------------------

Slack:                    inf
  Source:                 char_index[1]
                            (input port)
  Destination:            u_seg_scan/row_data_reg[1]/D
  Path Group:             (none)
  Path Type:              Max at Slow Process Corner
  Data Path Delay:        7.125ns  (logic 1.231ns (17.275%)  route 5.894ns (82.725%))
  Logic Levels:           4  (IBUF=1 LUT4=2 LUT6=1)

    Location             Delay type                Incr(ns)  Path(ns)    Netlist Resource(s)
  -------------------------------------------------------------------    -------------------
    V10                                               0.000     0.000 r  char_index[1] (IN)
                         net (fo=0)                   0.000     0.000    char_index[1]
    V10                  IBUF (Prop_ibuf_I_O)         0.916     0.916 r  char_index_IBUF[1]_inst/O
                         net (fo=1, routed)           4.305     5.221    u_seg_scan/char_index_IBUF[1]
    SLICE_X110Y25        LUT4 (Prop_lut4_I3_O)        0.105     5.326 r  u_seg_scan/row_data[15]_i_4/O
                         net (fo=15, routed)          1.215     6.541    u_seg_scan/row_data[15]_i_4_n_0
    SLICE_X112Y21        LUT6 (Prop_lut6_I0_O)        0.105     6.646 r  u_seg_scan/row_data[1]_i_2/O
                         net (fo=1, routed)           0.374     7.020    u_seg_scan/row_data[1]_i_2_n_0
    SLICE_X112Y21        LUT4 (Prop_lut4_I2_O)        0.105     7.125 r  u_seg_scan/row_data[1]_i_1/O
                         net (fo=1, routed)           0.000     7.125    u_seg_scan/p_0_in__0[1]
    SLICE_X112Y21        FDRE                                         r  u_seg_scan/row_data_reg[1]/D
  -------------------------------------------------------------------    -------------------

Slack:                    inf
  Source:                 char_index[1]
                            (input port)
  Destination:            u_seg_scan/row_data_reg[8]/D
  Path Group:             (none)
  Path Type:              Max at Slow Process Corner
  Data Path Delay:        7.113ns  (logic 1.241ns (17.444%)  route 5.872ns (82.556%))
  Logic Levels:           4  (IBUF=1 LUT4=2 LUT6=1)

    Location             Delay type                Incr(ns)  Path(ns)    Netlist Resource(s)
  -------------------------------------------------------------------    -------------------
    V10                                               0.000     0.000 r  char_index[1] (IN)
                         net (fo=0)                   0.000     0.000    char_index[1]
    V10                  IBUF (Prop_ibuf_I_O)         0.916     0.916 r  char_index_IBUF[1]_inst/O
                         net (fo=1, routed)           4.305     5.221    u_seg_scan/char_index_IBUF[1]
    SLICE_X110Y25        LUT4 (Prop_lut4_I3_O)        0.105     5.326 r  u_seg_scan/row_data[15]_i_4/O
                         net (fo=15, routed)          1.027     6.353    u_seg_scan/row_data[15]_i_4_n_0
    SLICE_X112Y24        LUT6 (Prop_lut6_I5_O)        0.105     6.458 r  u_seg_scan/row_data[8]_i_2/O
                         net (fo=1, routed)           0.540     6.998    u_seg_scan/row_data[8]_i_2_n_0
    SLICE_X113Y24        LUT4 (Prop_lut4_I2_O)        0.115     7.113 r  u_seg_scan/row_data[8]_i_1/O
                         net (fo=1, routed)           0.000     7.113    u_seg_scan/p_0_in__0[8]
    SLICE_X113Y24        FDRE                                         r  u_seg_scan/row_data_reg[8]/D
  -------------------------------------------------------------------    -------------------

Slack:                    inf
  Source:                 char_index[1]
                            (input port)
  Destination:            u_seg_scan/row_data_reg[5]/D
  Path Group:             (none)
  Path Type:              Max at Slow Process Corner
  Data Path Delay:        7.096ns  (logic 1.231ns (17.346%)  route 5.865ns (82.654%))
  Logic Levels:           4  (IBUF=1 LUT4=2 LUT6=1)

    Location             Delay type                Incr(ns)  Path(ns)    Netlist Resource(s)
  -------------------------------------------------------------------    -------------------
    V10                                               0.000     0.000 r  char_index[1] (IN)
                         net (fo=0)                   0.000     0.000    char_index[1]
    V10                  IBUF (Prop_ibuf_I_O)         0.916     0.916 r  char_index_IBUF[1]_inst/O
                         net (fo=1, routed)           4.305     5.221    u_seg_scan/char_index_IBUF[1]
    SLICE_X110Y25        LUT4 (Prop_lut4_I3_O)        0.105     5.326 r  u_seg_scan/row_data[15]_i_4/O
                         net (fo=15, routed)          1.226     6.552    u_seg_scan/row_data[15]_i_4_n_0
    SLICE_X112Y21        LUT6 (Prop_lut6_I4_O)        0.105     6.657 r  u_seg_scan/row_data[5]_i_2/O
                         net (fo=1, routed)           0.334     6.991    u_seg_scan/row_data[5]_i_2_n_0
    SLICE_X112Y20        LUT4 (Prop_lut4_I2_O)        0.105     7.096 r  u_seg_scan/row_data[5]_i_1/O
                         net (fo=1, routed)           0.000     7.096    u_seg_scan/p_0_in__0[5]
    SLICE_X112Y20        FDRE                                         r  u_seg_scan/row_data_reg[5]/D
  -------------------------------------------------------------------    -------------------

Slack:                    inf
  Source:                 char_index[1]
                            (input port)
  Destination:            u_seg_scan/row_data_reg[11]/D
  Path Group:             (none)
  Path Type:              Max at Slow Process Corner
  Data Path Delay:        7.094ns  (logic 1.231ns (17.350%)  route 5.863ns (82.650%))
  Logic Levels:           4  (IBUF=1 LUT4=2 LUT6=1)

    Location             Delay type                Incr(ns)  Path(ns)    Netlist Resource(s)
  -------------------------------------------------------------------    -------------------
    V10                                               0.000     0.000 r  char_index[1] (IN)
                         net (fo=0)                   0.000     0.000    char_index[1]
    V10                  IBUF (Prop_ibuf_I_O)         0.916     0.916 r  char_index_IBUF[1]_inst/O
                         net (fo=1, routed)           4.305     5.221    u_seg_scan/char_index_IBUF[1]
    SLICE_X110Y25        LUT4 (Prop_lut4_I3_O)        0.105     5.326 r  u_seg_scan/row_data[15]_i_4/O
                         net (fo=15, routed)          0.875     6.201    u_seg_scan/row_data[15]_i_4_n_0
    SLICE_X113Y24        LUT6 (Prop_lut6_I0_O)        0.105     6.306 r  u_seg_scan/row_data[11]_i_2/O
                         net (fo=1, routed)           0.682     6.989    u_seg_scan/row_data[11]_i_2_n_0
    SLICE_X113Y24        LUT4 (Prop_lut4_I2_O)        0.105     7.094 r  u_seg_scan/row_data[11]_i_1/O
                         net (fo=1, routed)           0.000     7.094    u_seg_scan/p_0_in__0[11]
    SLICE_X113Y24        FDRE                                         r  u_seg_scan/row_data_reg[11]/D
  -------------------------------------------------------------------    -------------------

Slack:                    inf
  Source:                 char_index[0]
                            (input port)
  Destination:            u_seg_scan/row_data_reg[14]/D
  Path Group:             (none)
  Path Type:              Max at Slow Process Corner
  Data Path Delay:        7.004ns  (logic 1.441ns (20.567%)  route 5.564ns (79.433%))
  Logic Levels:           4  (IBUF=1 LUT4=2 LUT6=1)

    Location             Delay type                Incr(ns)  Path(ns)    Netlist Resource(s)
  -------------------------------------------------------------------    -------------------
    AA9                                               0.000     0.000 r  char_index[0] (IN)
                         net (fo=0)                   0.000     0.000    char_index[0]
    AA9                  IBUF (Prop_ibuf_I_O)         0.940     0.940 r  char_index_IBUF[0]_inst/O
                         net (fo=1, routed)           4.331     5.271    u_seg_scan/char_index_IBUF[0]
    SLICE_X110Y25        LUT4 (Prop_lut4_I3_O)        0.126     5.397 r  u_seg_scan/row_data[15]_i_3/O
                         net (fo=15, routed)          0.864     6.261    u_seg_scan/row_data[15]_i_3_n_0
    SLICE_X113Y23        LUT6 (Prop_lut6_I5_O)        0.267     6.528 r  u_seg_scan/row_data[14]_i_2/O
                         net (fo=1, routed)           0.368     6.896    u_seg_scan/row_data[14]_i_2_n_0
    SLICE_X113Y23        LUT4 (Prop_lut4_I2_O)        0.108     7.004 r  u_seg_scan/row_data[14]_i_1/O
                         net (fo=1, routed)           0.000     7.004    u_seg_scan/p_0_in__0[14]
    SLICE_X113Y23        FDRE                                         r  u_seg_scan/row_data_reg[14]/D
  -------------------------------------------------------------------    -------------------

Slack:                    inf
  Source:                 char_index[1]
                            (input port)
  Destination:            u_seg_scan/row_data_reg[15]/D
  Path Group:             (none)
  Path Type:              Max at Slow Process Corner
  Data Path Delay:        6.998ns  (logic 1.231ns (17.588%)  route 5.767ns (82.412%))
  Logic Levels:           4  (IBUF=1 LUT4=2 LUT6=1)

    Location             Delay type                Incr(ns)  Path(ns)    Netlist Resource(s)
  -------------------------------------------------------------------    -------------------
    V10                                               0.000     0.000 r  char_index[1] (IN)
                         net (fo=0)                   0.000     0.000    char_index[1]
    V10                  IBUF (Prop_ibuf_I_O)         0.916     0.916 r  char_index_IBUF[1]_inst/O
                         net (fo=1, routed)           4.305     5.221    u_seg_scan/char_index_IBUF[1]
    SLICE_X110Y25        LUT4 (Prop_lut4_I3_O)        0.105     5.326 r  u_seg_scan/row_data[15]_i_4/O
                         net (fo=15, routed)          1.101     6.427    u_seg_scan/row_data[15]_i_4_n_0
    SLICE_X112Y21        LUT6 (Prop_lut6_I5_O)        0.105     6.532 r  u_seg_scan/row_data[15]_i_2/O
                         net (fo=1, routed)           0.361     6.893    u_seg_scan/row_data[15]_i_2_n_0
    SLICE_X112Y21        LUT4 (Prop_lut4_I2_O)        0.105     6.998 r  u_seg_scan/row_data[15]_i_1/O
                         net (fo=1, routed)           0.000     6.998    u_seg_scan/p_0_in__0[15]
    SLICE_X112Y21        FDRE                                         r  u_seg_scan/row_data_reg[15]/D
  -------------------------------------------------------------------    -------------------





Min Delay Paths
--------------------------------------------------------------------------------------
Slack:                    inf
  Source:                 div_reg[11]/C
                            (rising edge-triggered cell FDRE)
  Destination:            div_reg[11]/D
  Path Group:             (none)
  Path Type:              Min at Fast Process Corner
  Data Path Delay:        0.356ns  (logic 0.249ns (70.029%)  route 0.107ns (29.971%))
  Logic Levels:           2  (CARRY4=1 FDRE=1)

    Location             Delay type                Incr(ns)  Path(ns)    Netlist Resource(s)
  -------------------------------------------------------------------    -------------------
    SLICE_X111Y22        FDRE                         0.000     0.000 r  div_reg[11]/C
    SLICE_X111Y22        FDRE (Prop_fdre_C_Q)         0.141     0.141 r  div_reg[11]/Q
                         net (fo=1, routed)           0.107     0.248    div_reg_n_0_[11]
    SLICE_X111Y22        CARRY4 (Prop_carry4_S[3]_O[3])
                                                      0.108     0.356 r  div_reg[8]_i_1/O[3]
                         net (fo=1, routed)           0.000     0.356    div_reg[8]_i_1_n_4
    SLICE_X111Y22        FDRE                                         r  div_reg[11]/D
  -------------------------------------------------------------------    -------------------

Slack:                    inf
  Source:                 div_reg[15]/C
                            (rising edge-triggered cell FDRE)
  Destination:            div_reg[15]/D
  Path Group:             (none)
  Path Type:              Min at Fast Process Corner
  Data Path Delay:        0.356ns  (logic 0.249ns (70.029%)  route 0.107ns (29.971%))
  Logic Levels:           2  (CARRY4=1 FDRE=1)

    Location             Delay type                Incr(ns)  Path(ns)    Netlist Resource(s)
  -------------------------------------------------------------------    -------------------
    SLICE_X111Y23        FDRE                         0.000     0.000 r  div_reg[15]/C
    SLICE_X111Y23        FDRE (Prop_fdre_C_Q)         0.141     0.141 r  div_reg[15]/Q
                         net (fo=1, routed)           0.107     0.248    div_reg_n_0_[15]
    SLICE_X111Y23        CARRY4 (Prop_carry4_S[3]_O[3])
                                                      0.108     0.356 r  div_reg[12]_i_1/O[3]
                         net (fo=1, routed)           0.000     0.356    div_reg[12]_i_1_n_4
    SLICE_X111Y23        FDRE                                         r  div_reg[15]/D
  -------------------------------------------------------------------    -------------------

Slack:                    inf
  Source:                 div_reg[19]/C
                            (rising edge-triggered cell FDRE)
  Destination:            div_reg[19]/D
  Path Group:             (none)
  Path Type:              Min at Fast Process Corner
  Data Path Delay:        0.356ns  (logic 0.249ns (70.029%)  route 0.107ns (29.971%))
  Logic Levels:           2  (CARRY4=1 FDRE=1)

    Location             Delay type                Incr(ns)  Path(ns)    Netlist Resource(s)
  -------------------------------------------------------------------    -------------------
    SLICE_X111Y24        FDRE                         0.000     0.000 r  div_reg[19]/C
    SLICE_X111Y24        FDRE (Prop_fdre_C_Q)         0.141     0.141 r  div_reg[19]/Q
                         net (fo=1, routed)           0.107     0.248    div_reg_n_0_[19]
    SLICE_X111Y24        CARRY4 (Prop_carry4_S[3]_O[3])
                                                      0.108     0.356 r  div_reg[16]_i_1/O[3]
                         net (fo=1, routed)           0.000     0.356    div_reg[16]_i_1_n_4
    SLICE_X111Y24        FDRE                                         r  div_reg[19]/D
  -------------------------------------------------------------------    -------------------

Slack:                    inf
  Source:                 div_reg[3]/C
                            (rising edge-triggered cell FDRE)
  Destination:            div_reg[3]/D
  Path Group:             (none)
  Path Type:              Min at Fast Process Corner
  Data Path Delay:        0.356ns  (logic 0.249ns (70.029%)  route 0.107ns (29.971%))
  Logic Levels:           2  (CARRY4=1 FDRE=1)

    Location             Delay type                Incr(ns)  Path(ns)    Netlist Resource(s)
  -------------------------------------------------------------------    -------------------
    SLICE_X111Y20        FDRE                         0.000     0.000 r  div_reg[3]/C
    SLICE_X111Y20        FDRE (Prop_fdre_C_Q)         0.141     0.141 r  div_reg[3]/Q
                         net (fo=1, routed)           0.107     0.248    div_reg_n_0_[3]
    SLICE_X111Y20        CARRY4 (Prop_carry4_S[3]_O[3])
                                                      0.108     0.356 r  div_reg[0]_i_1/O[3]
                         net (fo=1, routed)           0.000     0.356    div_reg[0]_i_1_n_4
    SLICE_X111Y20        FDRE                                         r  div_reg[3]/D
  -------------------------------------------------------------------    -------------------

Slack:                    inf
  Source:                 div_reg[7]/C
                            (rising edge-triggered cell FDRE)
  Destination:            div_reg[7]/D
  Path Group:             (none)
  Path Type:              Min at Fast Process Corner
  Data Path Delay:        0.356ns  (logic 0.249ns (70.029%)  route 0.107ns (29.971%))
  Logic Levels:           2  (CARRY4=1 FDRE=1)

    Location             Delay type                Incr(ns)  Path(ns)    Netlist Resource(s)
  -------------------------------------------------------------------    -------------------
    SLICE_X111Y21        FDRE                         0.000     0.000 r  div_reg[7]/C
    SLICE_X111Y21        FDRE (Prop_fdre_C_Q)         0.141     0.141 r  div_reg[7]/Q
                         net (fo=1, routed)           0.107     0.248    div_reg_n_0_[7]
    SLICE_X111Y21        CARRY4 (Prop_carry4_S[3]_O[3])
                                                      0.108     0.356 r  div_reg[4]_i_1/O[3]
                         net (fo=1, routed)           0.000     0.356    div_reg[4]_i_1_n_4
    SLICE_X111Y21        FDRE                                         r  div_reg[7]/D
  -------------------------------------------------------------------    -------------------

Slack:                    inf
  Source:                 u_seg_scan/div_reg[3]/C
                            (rising edge-triggered cell FDRE)
  Destination:            u_seg_scan/div_reg[3]/D
  Path Group:             (none)
  Path Type:              Min at Fast Process Corner
  Data Path Delay:        0.356ns  (logic 0.249ns (70.029%)  route 0.107ns (29.971%))
  Logic Levels:           2  (CARRY4=1 FDRE=1)

    Location             Delay type                Incr(ns)  Path(ns)    Netlist Resource(s)
  -------------------------------------------------------------------    -------------------
    SLICE_X113Y19        FDRE                         0.000     0.000 r  u_seg_scan/div_reg[3]/C
    SLICE_X113Y19        FDRE (Prop_fdre_C_Q)         0.141     0.141 r  u_seg_scan/div_reg[3]/Q
                         net (fo=1, routed)           0.107     0.248    u_seg_scan/div_reg_n_0_[3]
    SLICE_X113Y19        CARRY4 (Prop_carry4_S[3]_O[3])
                                                      0.108     0.356 r  u_seg_scan/div_reg[0]_i_1__0/O[3]
                         net (fo=1, routed)           0.000     0.356    u_seg_scan/div_reg[0]_i_1__0_n_4
    SLICE_X113Y19        FDRE                                         r  u_seg_scan/div_reg[3]/D
  -------------------------------------------------------------------    -------------------

Slack:                    inf
  Source:                 u_seg_scan/div_reg[7]/C
                            (rising edge-triggered cell FDRE)
  Destination:            u_seg_scan/div_reg[7]/D
  Path Group:             (none)
  Path Type:              Min at Fast Process Corner
  Data Path Delay:        0.356ns  (logic 0.249ns (70.029%)  route 0.107ns (29.971%))
  Logic Levels:           2  (CARRY4=1 FDRE=1)

    Location             Delay type                Incr(ns)  Path(ns)    Netlist Resource(s)
  -------------------------------------------------------------------    -------------------
    SLICE_X113Y20        FDRE                         0.000     0.000 r  u_seg_scan/div_reg[7]/C
    SLICE_X113Y20        FDRE (Prop_fdre_C_Q)         0.141     0.141 r  u_seg_scan/div_reg[7]/Q
                         net (fo=1, routed)           0.107     0.248    u_seg_scan/div_reg_n_0_[7]
    SLICE_X113Y20        CARRY4 (Prop_carry4_S[3]_O[3])
                                                      0.108     0.356 r  u_seg_scan/div_reg[4]_i_1__0/O[3]
                         net (fo=1, routed)           0.000     0.356    u_seg_scan/div_reg[4]_i_1__0_n_4
    SLICE_X113Y20        FDRE                                         r  u_seg_scan/div_reg[7]/D
  -------------------------------------------------------------------    -------------------

Slack:                    inf
  Source:                 div_reg[10]/C
                            (rising edge-triggered cell FDRE)
  Destination:            div_reg[10]/D
  Path Group:             (none)
  Path Type:              Min at Fast Process Corner
  Data Path Delay:        0.359ns  (logic 0.252ns (70.177%)  route 0.107ns (29.823%))
  Logic Levels:           2  (CARRY4=1 FDRE=1)

    Location             Delay type                Incr(ns)  Path(ns)    Netlist Resource(s)
  -------------------------------------------------------------------    -------------------
    SLICE_X111Y22        FDRE                         0.000     0.000 r  div_reg[10]/C
    SLICE_X111Y22        FDRE (Prop_fdre_C_Q)         0.141     0.141 r  div_reg[10]/Q
                         net (fo=1, routed)           0.107     0.248    div_reg_n_0_[10]
    SLICE_X111Y22        CARRY4 (Prop_carry4_S[2]_O[2])
                                                      0.111     0.359 r  div_reg[8]_i_1/O[2]
                         net (fo=1, routed)           0.000     0.359    div_reg[8]_i_1_n_5
    SLICE_X111Y22        FDRE                                         r  div_reg[10]/D
  -------------------------------------------------------------------    -------------------

Slack:                    inf
  Source:                 div_reg[14]/C
                            (rising edge-triggered cell FDRE)
  Destination:            div_reg[14]/D
  Path Group:             (none)
  Path Type:              Min at Fast Process Corner
  Data Path Delay:        0.359ns  (logic 0.252ns (70.177%)  route 0.107ns (29.823%))
  Logic Levels:           2  (CARRY4=1 FDRE=1)

    Location             Delay type                Incr(ns)  Path(ns)    Netlist Resource(s)
  -------------------------------------------------------------------    -------------------
    SLICE_X111Y23        FDRE                         0.000     0.000 r  div_reg[14]/C
    SLICE_X111Y23        FDRE (Prop_fdre_C_Q)         0.141     0.141 r  div_reg[14]/Q
                         net (fo=1, routed)           0.107     0.248    div_reg_n_0_[14]
    SLICE_X111Y23        CARRY4 (Prop_carry4_S[2]_O[2])
                                                      0.111     0.359 r  div_reg[12]_i_1/O[2]
                         net (fo=1, routed)           0.000     0.359    div_reg[12]_i_1_n_5
    SLICE_X111Y23        FDRE                                         r  div_reg[14]/D
  -------------------------------------------------------------------    -------------------

Slack:                    inf
  Source:                 div_reg[18]/C
                            (rising edge-triggered cell FDRE)
  Destination:            div_reg[18]/D
  Path Group:             (none)
  Path Type:              Min at Fast Process Corner
  Data Path Delay:        0.359ns  (logic 0.252ns (70.177%)  route 0.107ns (29.823%))
  Logic Levels:           2  (CARRY4=1 FDRE=1)

    Location             Delay type                Incr(ns)  Path(ns)    Netlist Resource(s)
  -------------------------------------------------------------------    -------------------
    SLICE_X111Y24        FDRE                         0.000     0.000 r  div_reg[18]/C
    SLICE_X111Y24        FDRE (Prop_fdre_C_Q)         0.141     0.141 r  div_reg[18]/Q
                         net (fo=1, routed)           0.107     0.248    div_reg_n_0_[18]
    SLICE_X111Y24        CARRY4 (Prop_carry4_S[2]_O[2])
                                                      0.111     0.359 r  div_reg[16]_i_1/O[2]
                         net (fo=1, routed)           0.000     0.359    div_reg[16]_i_1_n_5
    SLICE_X111Y24        FDRE                                         r  div_reg[18]/D
  -------------------------------------------------------------------    -------------------





